\BOOKMARK [1][-]{section.1}{INTRODUCTION}{}% 1
\BOOKMARK [2][-]{subsection.1.1}{Purpose}{section.1}% 2
\BOOKMARK [2][-]{subsection.1.2}{Document Conventions}{section.1}% 3
\BOOKMARK [2][-]{subsection.1.3}{Definitions}{section.1}% 4
\BOOKMARK [2][-]{subsection.1.4}{Intended Audience}{section.1}% 5
\BOOKMARK [2][-]{subsection.1.5}{Scope}{section.1}% 6
\BOOKMARK [2][-]{subsection.1.6}{References}{section.1}% 7
\BOOKMARK [1][-]{section.2}{OVERALL DESCRIPTION}{}% 8
\BOOKMARK [2][-]{subsection.2.1}{Product Perspective}{section.2}% 9
\BOOKMARK [2][-]{subsection.2.2}{Product Features}{section.2}% 10
\BOOKMARK [2][-]{subsection.2.3}{User Classes and Characteristics}{section.2}% 11
\BOOKMARK [2][-]{subsection.2.4}{Operating Environment}{section.2}% 12
\BOOKMARK [2][-]{subsection.2.5}{Design and Implementation Constraints}{section.2}% 13
\BOOKMARK [2][-]{subsection.2.6}{User Documentation}{section.2}% 14
\BOOKMARK [2][-]{subsection.2.7}{Assumptions and Dependencies}{section.2}% 15
\BOOKMARK [1][-]{section.3}{SYSTEM FEATURES}{}% 16
\BOOKMARK [2][-]{subsection.3.1}{User login}{section.3}% 17
\BOOKMARK [2][-]{subsection.3.2}{Add user}{section.3}% 18
\BOOKMARK [2][-]{subsection.3.3}{Remove user}{section.3}% 19
\BOOKMARK [2][-]{subsection.3.4}{Search book}{section.3}% 20
\BOOKMARK [2][-]{subsection.3.5}{Issue book}{section.3}% 21
\BOOKMARK [2][-]{subsection.3.6}{Return book}{section.3}% 22
\BOOKMARK [2][-]{subsection.3.7}{Give penalty}{section.3}% 23
\BOOKMARK [1][-]{section.4}{EXTERNAL INTERFACE REQUIREMENTS}{}% 24
\BOOKMARK [2][-]{subsection.4.1}{User Interfaces}{section.4}% 25
\BOOKMARK [2][-]{subsection.4.2}{Hardware Interfaces}{section.4}% 26
\BOOKMARK [2][-]{subsection.4.3}{Software Interfaces}{section.4}% 27
\BOOKMARK [2][-]{subsection.4.4}{Communication Interfaces}{section.4}% 28
\BOOKMARK [1][-]{section.5}{OTHER NONFUNCTIONAL REQUIREMENTS}{}% 29
\BOOKMARK [2][-]{subsection.5.1}{Performance Requirements}{section.5}% 30
\BOOKMARK [2][-]{subsection.5.2}{Safety Requirements}{section.5}% 31
\BOOKMARK [2][-]{subsection.5.3}{Security Requirements}{section.5}% 32
\BOOKMARK [2][-]{subsection.5.4}{Software Quality Requirements}{section.5}% 33
\BOOKMARK [3][-]{subsubsection.5.4.1}{Reliability requirements}{subsection.5.4}% 34
\BOOKMARK [3][-]{subsubsection.5.4.2}{Usability Requirements}{subsection.5.4}% 35
\BOOKMARK [1][-]{section.6}{OTHER REQUIREMENTS}{}% 36
