This is pdfTeX, Version 3.1415926-2.5-1.40.14 (TeX Live 2013/Debian) (format=pdflatex 2015.12.12)  23 MAR 2016 22:35
entering extended mode
 restricted \write18 enabled.
 %&-line parsing enabled.
**sa.tex
(./sa.tex
LaTeX2e <2011/06/27>
Babel <3.9h> and hyphenation patterns for 4 languages loaded.
(/usr/share/texlive/texmf-dist/tex/latex/base/article.cls
Document Class: article 2007/10/19 v1.4h Standard LaTeX document class
(/usr/share/texlive/texmf-dist/tex/latex/base/size10.clo
File: size10.clo 2007/10/19 v1.4h Standard LaTeX file (size option)
)
\c@part=\count79
\c@section=\count80
\c@subsection=\count81
\c@subsubsection=\count82
\c@paragraph=\count83
\c@subparagraph=\count84
\c@figure=\count85
\c@table=\count86
\abovecaptionskip=\skip41
\belowcaptionskip=\skip42
\bibindent=\dimen102
)
(/usr/share/texlive/texmf-dist/tex/latex/base/inputenc.sty
Package: inputenc 2008/03/30 v1.1d Input encoding file
\inpenc@prehook=\toks14
\inpenc@posthook=\toks15

(/usr/share/texlive/texmf-dist/tex/latex/base/utf8.def
File: utf8.def 2008/04/05 v1.1m UTF-8 support for inputenc
Now handling font encoding OML ...
... no UTF-8 mapping file for font encoding OML
Now handling font encoding T1 ...
... processing UTF-8 mapping file for font encoding T1

(/usr/share/texlive/texmf-dist/tex/latex/base/t1enc.dfu
File: t1enc.dfu 2008/04/05 v1.1m UTF-8 support for inputenc
   defining Unicode char U+00A1 (decimal 161)
   defining Unicode char U+00A3 (decimal 163)
   defining Unicode char U+00AB (decimal 171)
   defining Unicode char U+00BB (decimal 187)
   defining Unicode char U+00BF (decimal 191)
   defining Unicode char U+00C0 (decimal 192)
   defining Unicode char U+00C1 (decimal 193)
   defining Unicode char U+00C2 (decimal 194)
   defining Unicode char U+00C3 (decimal 195)
   defining Unicode char U+00C4 (decimal 196)
   defining Unicode char U+00C5 (decimal 197)
   defining Unicode char U+00C6 (decimal 198)
   defining Unicode char U+00C7 (decimal 199)
   defining Unicode char U+00C8 (decimal 200)
   defining Unicode char U+00C9 (decimal 201)
   defining Unicode char U+00CA (decimal 202)
   defining Unicode char U+00CB (decimal 203)
   defining Unicode char U+00CC (decimal 204)
   defining Unicode char U+00CD (decimal 205)
   defining Unicode char U+00CE (decimal 206)
   defining Unicode char U+00CF (decimal 207)
   defining Unicode char U+00D0 (decimal 208)
   defining Unicode char U+00D1 (decimal 209)
   defining Unicode char U+00D2 (decimal 210)
   defining Unicode char U+00D3 (decimal 211)
   defining Unicode char U+00D4 (decimal 212)
   defining Unicode char U+00D5 (decimal 213)
   defining Unicode char U+00D6 (decimal 214)
   defining Unicode char U+00D8 (decimal 216)
   defining Unicode char U+00D9 (decimal 217)
   defining Unicode char U+00DA (decimal 218)
   defining Unicode char U+00DB (decimal 219)
   defining Unicode char U+00DC (decimal 220)
   defining Unicode char U+00DD (decimal 221)
   defining Unicode char U+00DE (decimal 222)
   defining Unicode char U+00DF (decimal 223)
   defining Unicode char U+00E0 (decimal 224)
   defining Unicode char U+00E1 (decimal 225)
   defining Unicode char U+00E2 (decimal 226)
   defining Unicode char U+00E3 (decimal 227)
   defining Unicode char U+00E4 (decimal 228)
   defining Unicode char U+00E5 (decimal 229)
   defining Unicode char U+00E6 (decimal 230)
   defining Unicode char U+00E7 (decimal 231)
   defining Unicode char U+00E8 (decimal 232)
   defining Unicode char U+00E9 (decimal 233)
   defining Unicode char U+00EA (decimal 234)
   defining Unicode char U+00EB (decimal 235)
   defining Unicode char U+00EC (decimal 236)
   defining Unicode char U+00ED (decimal 237)
   defining Unicode char U+00EE (decimal 238)
   defining Unicode char U+00EF (decimal 239)
   defining Unicode char U+00F0 (decimal 240)
   defining Unicode char U+00F1 (decimal 241)
   defining Unicode char U+00F2 (decimal 242)
   defining Unicode char U+00F3 (decimal 243)
   defining Unicode char U+00F4 (decimal 244)
   defining Unicode char U+00F5 (decimal 245)
   defining Unicode char U+00F6 (decimal 246)
   defining Unicode char U+00F8 (decimal 248)
   defining Unicode char U+00F9 (decimal 249)
   defining Unicode char U+00FA (decimal 250)
   defining Unicode char U+00FB (decimal 251)
   defining Unicode char U+00FC (decimal 252)
   defining Unicode char U+00FD (decimal 253)
   defining Unicode char U+00FE (decimal 254)
   defining Unicode char U+00FF (decimal 255)
   defining Unicode char U+0102 (decimal 258)
   defining Unicode char U+0103 (decimal 259)
   defining Unicode char U+0104 (decimal 260)
   defining Unicode char U+0105 (decimal 261)
   defining Unicode char U+0106 (decimal 262)
   defining Unicode char U+0107 (decimal 263)
   defining Unicode char U+010C (decimal 268)
   defining Unicode char U+010D (decimal 269)
   defining Unicode char U+010E (decimal 270)
   defining Unicode char U+010F (decimal 271)
   defining Unicode char U+0110 (decimal 272)
   defining Unicode char U+0111 (decimal 273)
   defining Unicode char U+0118 (decimal 280)
   defining Unicode char U+0119 (decimal 281)
   defining Unicode char U+011A (decimal 282)
   defining Unicode char U+011B (decimal 283)
   defining Unicode char U+011E (decimal 286)
   defining Unicode char U+011F (decimal 287)
   defining Unicode char U+0130 (decimal 304)
   defining Unicode char U+0131 (decimal 305)
   defining Unicode char U+0132 (decimal 306)
   defining Unicode char U+0133 (decimal 307)
   defining Unicode char U+0139 (decimal 313)
   defining Unicode char U+013A (decimal 314)
   defining Unicode char U+013D (decimal 317)
   defining Unicode char U+013E (decimal 318)
   defining Unicode char U+0141 (decimal 321)
   defining Unicode char U+0142 (decimal 322)
   defining Unicode char U+0143 (decimal 323)
   defining Unicode char U+0144 (decimal 324)
   defining Unicode char U+0147 (decimal 327)
   defining Unicode char U+0148 (decimal 328)
   defining Unicode char U+014A (decimal 330)
   defining Unicode char U+014B (decimal 331)
   defining Unicode char U+0150 (decimal 336)
   defining Unicode char U+0151 (decimal 337)
   defining Unicode char U+0152 (decimal 338)
   defining Unicode char U+0153 (decimal 339)
   defining Unicode char U+0154 (decimal 340)
   defining Unicode char U+0155 (decimal 341)
   defining Unicode char U+0158 (decimal 344)
   defining Unicode char U+0159 (decimal 345)
   defining Unicode char U+015A (decimal 346)
   defining Unicode char U+015B (decimal 347)
   defining Unicode char U+015E (decimal 350)
   defining Unicode char U+015F (decimal 351)
   defining Unicode char U+0160 (decimal 352)
   defining Unicode char U+0161 (decimal 353)
   defining Unicode char U+0162 (decimal 354)
   defining Unicode char U+0163 (decimal 355)
   defining Unicode char U+0164 (decimal 356)
   defining Unicode char U+0165 (decimal 357)
   defining Unicode char U+016E (decimal 366)
   defining Unicode char U+016F (decimal 367)
   defining Unicode char U+0170 (decimal 368)
   defining Unicode char U+0171 (decimal 369)
   defining Unicode char U+0178 (decimal 376)
   defining Unicode char U+0179 (decimal 377)
   defining Unicode char U+017A (decimal 378)
   defining Unicode char U+017B (decimal 379)
   defining Unicode char U+017C (decimal 380)
   defining Unicode char U+017D (decimal 381)
   defining Unicode char U+017E (decimal 382)
   defining Unicode char U+200C (decimal 8204)
   defining Unicode char U+2013 (decimal 8211)
   defining Unicode char U+2014 (decimal 8212)
   defining Unicode char U+2018 (decimal 8216)
   defining Unicode char U+2019 (decimal 8217)
   defining Unicode char U+201A (decimal 8218)
   defining Unicode char U+201C (decimal 8220)
   defining Unicode char U+201D (decimal 8221)
   defining Unicode char U+201E (decimal 8222)
   defining Unicode char U+2030 (decimal 8240)
   defining Unicode char U+2031 (decimal 8241)
   defining Unicode char U+2039 (decimal 8249)
   defining Unicode char U+203A (decimal 8250)
   defining Unicode char U+2423 (decimal 9251)
)
Now handling font encoding OT1 ...
... processing UTF-8 mapping file for font encoding OT1

(/usr/share/texlive/texmf-dist/tex/latex/base/ot1enc.dfu
File: ot1enc.dfu 2008/04/05 v1.1m UTF-8 support for inputenc
   defining Unicode char U+00A1 (decimal 161)
   defining Unicode char U+00A3 (decimal 163)
   defining Unicode char U+00B8 (decimal 184)
   defining Unicode char U+00BF (decimal 191)
   defining Unicode char U+00C5 (decimal 197)
   defining Unicode char U+00C6 (decimal 198)
   defining Unicode char U+00D8 (decimal 216)
   defining Unicode char U+00DF (decimal 223)
   defining Unicode char U+00E6 (decimal 230)
   defining Unicode char U+00EC (decimal 236)
   defining Unicode char U+00ED (decimal 237)
   defining Unicode char U+00EE (decimal 238)
   defining Unicode char U+00EF (decimal 239)
   defining Unicode char U+00F8 (decimal 248)
   defining Unicode char U+0131 (decimal 305)
   defining Unicode char U+0141 (decimal 321)
   defining Unicode char U+0142 (decimal 322)
   defining Unicode char U+0152 (decimal 338)
   defining Unicode char U+0153 (decimal 339)
   defining Unicode char U+2013 (decimal 8211)
   defining Unicode char U+2014 (decimal 8212)
   defining Unicode char U+2018 (decimal 8216)
   defining Unicode char U+2019 (decimal 8217)
   defining Unicode char U+201C (decimal 8220)
   defining Unicode char U+201D (decimal 8221)
)
Now handling font encoding OMS ...
... processing UTF-8 mapping file for font encoding OMS

(/usr/share/texlive/texmf-dist/tex/latex/base/omsenc.dfu
File: omsenc.dfu 2008/04/05 v1.1m UTF-8 support for inputenc
   defining Unicode char U+00A7 (decimal 167)
   defining Unicode char U+00B6 (decimal 182)
   defining Unicode char U+00B7 (decimal 183)
   defining Unicode char U+2020 (decimal 8224)
   defining Unicode char U+2021 (decimal 8225)
   defining Unicode char U+2022 (decimal 8226)
)
Now handling font encoding OMX ...
... no UTF-8 mapping file for font encoding OMX
Now handling font encoding U ...
... no UTF-8 mapping file for font encoding U
   defining Unicode char U+00A9 (decimal 169)
   defining Unicode char U+00AA (decimal 170)
   defining Unicode char U+00AE (decimal 174)
   defining Unicode char U+00BA (decimal 186)
   defining Unicode char U+02C6 (decimal 710)
   defining Unicode char U+02DC (decimal 732)
   defining Unicode char U+200C (decimal 8204)
   defining Unicode char U+2026 (decimal 8230)
   defining Unicode char U+2122 (decimal 8482)
   defining Unicode char U+2423 (decimal 9251)
))
(/usr/share/texlive/texmf-dist/tex/latex/amsmath/amsmath.sty
Package: amsmath 2013/01/14 v2.14 AMS math features
\@mathmargin=\skip43

For additional information on amsmath, use the `?' option.
(/usr/share/texlive/texmf-dist/tex/latex/amsmath/amstext.sty
Package: amstext 2000/06/29 v2.01

(/usr/share/texlive/texmf-dist/tex/latex/amsmath/amsgen.sty
File: amsgen.sty 1999/11/30 v2.0
\@emptytoks=\toks16
\ex@=\dimen103
))
(/usr/share/texlive/texmf-dist/tex/latex/amsmath/amsbsy.sty
Package: amsbsy 1999/11/29 v1.2d
\pmbraise@=\dimen104
)
(/usr/share/texlive/texmf-dist/tex/latex/amsmath/amsopn.sty
Package: amsopn 1999/12/14 v2.01 operator names
)
\inf@bad=\count87
LaTeX Info: Redefining \frac on input line 210.
\uproot@=\count88
\leftroot@=\count89
LaTeX Info: Redefining \overline on input line 306.
\classnum@=\count90
\DOTSCASE@=\count91
LaTeX Info: Redefining \ldots on input line 378.
LaTeX Info: Redefining \dots on input line 381.
LaTeX Info: Redefining \cdots on input line 466.
\Mathstrutbox@=\box26
\strutbox@=\box27
\big@size=\dimen105
LaTeX Font Info:    Redeclaring font encoding OML on input line 566.
LaTeX Font Info:    Redeclaring font encoding OMS on input line 567.
\macc@depth=\count92
\c@MaxMatrixCols=\count93
\dotsspace@=\muskip10
\c@parentequation=\count94
\dspbrk@lvl=\count95
\tag@help=\toks17
\row@=\count96
\column@=\count97
\maxfields@=\count98
\andhelp@=\toks18
\eqnshift@=\dimen106
\alignsep@=\dimen107
\tagshift@=\dimen108
\tagwidth@=\dimen109
\totwidth@=\dimen110
\lineht@=\dimen111
\@envbody=\toks19
\multlinegap=\skip44
\multlinetaggap=\skip45
\mathdisplay@stack=\toks20
LaTeX Info: Redefining \[ on input line 2665.
LaTeX Info: Redefining \] on input line 2666.
)
(/usr/share/texlive/texmf-dist/tex/latex/graphics/graphicx.sty
Package: graphicx 1999/02/16 v1.0f Enhanced LaTeX Graphics (DPC,SPQR)

(/usr/share/texlive/texmf-dist/tex/latex/graphics/keyval.sty
Package: keyval 1999/03/16 v1.13 key=value parser (DPC)
\KV@toks@=\toks21
)
(/usr/share/texlive/texmf-dist/tex/latex/graphics/graphics.sty
Package: graphics 2009/02/05 v1.0o Standard LaTeX Graphics (DPC,SPQR)

(/usr/share/texlive/texmf-dist/tex/latex/graphics/trig.sty
Package: trig 1999/03/16 v1.09 sin cos tan (DPC)
)
(/usr/share/texlive/texmf-dist/tex/latex/latexconfig/graphics.cfg
File: graphics.cfg 2010/04/23 v1.9 graphics configuration of TeX Live
)
Package graphics Info: Driver file: pdftex.def on input line 91.

(/usr/share/texlive/texmf-dist/tex/latex/pdftex-def/pdftex.def
File: pdftex.def 2011/05/27 v0.06d Graphics/color for pdfTeX

(/usr/share/texlive/texmf-dist/tex/generic/oberdiek/infwarerr.sty
Package: infwarerr 2010/04/08 v1.3 Providing info/warning/error messages (HO)
)
(/usr/share/texlive/texmf-dist/tex/generic/oberdiek/ltxcmds.sty
Package: ltxcmds 2011/11/09 v1.22 LaTeX kernel commands for general use (HO)
)
\Gread@gobject=\count99
))
\Gin@req@height=\dimen112
\Gin@req@width=\dimen113
)
(/usr/share/texlive/texmf-dist/tex/latex/listings/listings.sty
\lst@mode=\count100
\lst@gtempboxa=\box28
\lst@token=\toks22
\lst@length=\count101
\lst@currlwidth=\dimen114
\lst@column=\count102
\lst@pos=\count103
\lst@lostspace=\dimen115
\lst@width=\dimen116
\lst@newlines=\count104
\lst@lineno=\count105
\lst@maxwidth=\dimen117

(/usr/share/texlive/texmf-dist/tex/latex/listings/lstmisc.sty
File: lstmisc.sty 2013/08/26 1.5b (Carsten Heinz)
\c@lstnumber=\count106
\lst@skipnumbers=\count107
\lst@framebox=\box29
)
(/usr/share/texlive/texmf-dist/tex/latex/listings/listings.cfg
File: listings.cfg 2013/08/26 1.5b listings configuration
))
Package: listings 2013/08/26 1.5b (Carsten Heinz)

(/usr/share/texlive/texmf-dist/tex/latex/graphics/color.sty
Package: color 2005/11/14 v1.0j Standard LaTeX Color (DPC)

(/usr/share/texlive/texmf-dist/tex/latex/latexconfig/color.cfg
File: color.cfg 2007/01/18 v1.5 color configuration of teTeX/TeXLive
)
Package color Info: Driver file: pdftex.def on input line 130.
)
(/usr/share/texlive/texmf-dist/tex/latex/tools/indentfirst.sty
Package: indentfirst 1995/11/23 v1.03 Indent first paragraph (DPC)
)
(/usr/share/texmf/tex/latex/xcolor/xcolor.sty
Package: xcolor 2007/01/21 v2.11 LaTeX color extensions (UK)

(/usr/share/texlive/texmf-dist/tex/latex/latexconfig/color.cfg
File: color.cfg 2007/01/18 v1.5 color configuration of teTeX/TeXLive
)
Package xcolor Info: Driver file: pdftex.def on input line 225.
LaTeX Info: Redefining \color on input line 702.
Package xcolor Info: Model `cmy' substituted by `cmy0' on input line 1337.
Package xcolor Info: Model `hsb' substituted by `rgb' on input line 1341.
Package xcolor Info: Model `RGB' extended on input line 1353.
Package xcolor Info: Model `HTML' substituted by `rgb' on input line 1355.
Package xcolor Info: Model `Hsb' substituted by `hsb' on input line 1356.
Package xcolor Info: Model `tHsb' substituted by `hsb' on input line 1357.
Package xcolor Info: Model `HSB' substituted by `hsb' on input line 1358.
Package xcolor Info: Model `Gray' substituted by `gray' on input line 1359.
Package xcolor Info: Model `wave' substituted by `hsb' on input line 1360.
)
(/usr/share/texlive/texmf-dist/tex/latex/sectsty/sectsty.sty
Package: sectsty 2002/02/25 v2.0.2 Commands to change all sectional heading sty
les
)
(/usr/share/texlive/texmf-dist/tex/latex/titlesec/titlesec.sty
Package: titlesec 2011/12/15 v2.10.0 Sectioning titles
\ttl@box=\box30
\beforetitleunit=\skip46
\aftertitleunit=\skip47
\ttl@plus=\dimen118
\ttl@minus=\dimen119
\ttl@toksa=\toks23
\titlewidth=\dimen120
\titlewidthlast=\dimen121
\titlewidthfirst=\dimen122
)
(/usr/share/texlive/texmf-dist/tex/latex/hyperref/hyperref.sty
Package: hyperref 2012/11/06 v6.83m Hypertext links for LaTeX

(/usr/share/texlive/texmf-dist/tex/generic/oberdiek/hobsub-hyperref.sty
Package: hobsub-hyperref 2012/05/28 v1.13 Bundle oberdiek, subset hyperref (HO)


(/usr/share/texlive/texmf-dist/tex/generic/oberdiek/hobsub-generic.sty
Package: hobsub-generic 2012/05/28 v1.13 Bundle oberdiek, subset generic (HO)
Package: hobsub 2012/05/28 v1.13 Construct package bundles (HO)
Package hobsub Info: Skipping package `infwarerr' (already loaded).
Package hobsub Info: Skipping package `ltxcmds' (already loaded).
Package: ifluatex 2010/03/01 v1.3 Provides the ifluatex switch (HO)
Package ifluatex Info: LuaTeX not detected.
Package: ifvtex 2010/03/01 v1.5 Detect VTeX and its facilities (HO)
Package ifvtex Info: VTeX not detected.
Package: intcalc 2007/09/27 v1.1 Expandable calculations with integers (HO)
Package: ifpdf 2011/01/30 v2.3 Provides the ifpdf switch (HO)
Package ifpdf Info: pdfTeX in PDF mode is detected.
Package: etexcmds 2011/02/16 v1.5 Avoid name clashes with e-TeX commands (HO)
Package etexcmds Info: Could not find \expanded.
(etexcmds)             That can mean that you are not using pdfTeX 1.50 or
(etexcmds)             that some package has redefined \expanded.
(etexcmds)             In the latter case, load this package earlier.
Package: kvsetkeys 2012/04/25 v1.16 Key value parser (HO)
Package: kvdefinekeys 2011/04/07 v1.3 Define keys (HO)
Package: pdftexcmds 2011/11/29 v0.20 Utility functions of pdfTeX for LuaTeX (HO
)
Package pdftexcmds Info: LuaTeX not detected.
Package pdftexcmds Info: \pdf@primitive is available.
Package pdftexcmds Info: \pdf@ifprimitive is available.
Package pdftexcmds Info: \pdfdraftmode found.
Package: pdfescape 2011/11/25 v1.13 Implements pdfTeX's escape features (HO)
Package: bigintcalc 2012/04/08 v1.3 Expandable calculations on big integers (HO
)
Package: bitset 2011/01/30 v1.1 Handle bit-vector datatype (HO)
Package: uniquecounter 2011/01/30 v1.2 Provide unlimited unique counter (HO)
)
Package hobsub Info: Skipping package `hobsub' (already loaded).
Package: letltxmacro 2010/09/02 v1.4 Let assignment for LaTeX macros (HO)
Package: hopatch 2012/05/28 v1.2 Wrapper for package hooks (HO)
Package: xcolor-patch 2011/01/30 xcolor patch
Package: atveryend 2011/06/30 v1.8 Hooks at the very end of document (HO)
Package atveryend Info: \enddocument detected (standard20110627).
Package: atbegshi 2011/10/05 v1.16 At begin shipout hook (HO)
Package: refcount 2011/10/16 v3.4 Data extraction from label references (HO)
Package: hycolor 2011/01/30 v1.7 Color options for hyperref/bookmark (HO)
)
(/usr/share/texlive/texmf-dist/tex/generic/ifxetex/ifxetex.sty
Package: ifxetex 2010/09/12 v0.6 Provides ifxetex conditional
)
(/usr/share/texlive/texmf-dist/tex/latex/oberdiek/auxhook.sty
Package: auxhook 2011/03/04 v1.3 Hooks for auxiliary files (HO)
)
(/usr/share/texlive/texmf-dist/tex/latex/oberdiek/kvoptions.sty
Package: kvoptions 2011/06/30 v3.11 Key value format for package options (HO)
)
\@linkdim=\dimen123
\Hy@linkcounter=\count108
\Hy@pagecounter=\count109

(/usr/share/texlive/texmf-dist/tex/latex/hyperref/pd1enc.def
File: pd1enc.def 2012/11/06 v6.83m Hyperref: PDFDocEncoding definition (HO)
Now handling font encoding PD1 ...
... no UTF-8 mapping file for font encoding PD1
)
\Hy@SavedSpaceFactor=\count110

(/usr/share/texlive/texmf-dist/tex/latex/latexconfig/hyperref.cfg
File: hyperref.cfg 2002/06/06 v1.2 hyperref configuration of TeXLive
)
Package hyperref Info: Hyper figures OFF on input line 4443.
Package hyperref Info: Link nesting OFF on input line 4448.
Package hyperref Info: Hyper index ON on input line 4451.
Package hyperref Info: Plain pages OFF on input line 4458.
Package hyperref Info: Backreferencing OFF on input line 4463.
Package hyperref Info: Implicit mode ON; LaTeX internals redefined.
Package hyperref Info: Bookmarks ON on input line 4688.
\c@Hy@tempcnt=\count111

(/usr/share/texlive/texmf-dist/tex/latex/url/url.sty
\Urlmuskip=\muskip11
Package: url 2013/09/16  ver 3.4  Verb mode for urls, etc.
)
LaTeX Info: Redefining \url on input line 5041.
\XeTeXLinkMargin=\dimen124
\Fld@menulength=\count112
\Field@Width=\dimen125
\Fld@charsize=\dimen126
Package hyperref Info: Hyper figures OFF on input line 6295.
Package hyperref Info: Link nesting OFF on input line 6300.
Package hyperref Info: Hyper index ON on input line 6303.
Package hyperref Info: backreferencing OFF on input line 6310.
Package hyperref Info: Link coloring OFF on input line 6315.
Package hyperref Info: Link coloring with OCG OFF on input line 6320.
Package hyperref Info: PDF/A mode OFF on input line 6325.
LaTeX Info: Redefining \ref on input line 6365.
LaTeX Info: Redefining \pageref on input line 6369.
\Hy@abspage=\count113
\c@Item=\count114
\c@Hfootnote=\count115
)

Package hyperref Message: Driver (autodetected): hpdftex.

(/usr/share/texlive/texmf-dist/tex/latex/hyperref/hpdftex.def
File: hpdftex.def 2012/11/06 v6.83m Hyperref driver for pdfTeX
\Fld@listcount=\count116
\c@bookmark@seq@number=\count117

(/usr/share/texlive/texmf-dist/tex/latex/oberdiek/rerunfilecheck.sty
Package: rerunfilecheck 2011/04/15 v1.7 Rerun checks for auxiliary files (HO)
Package uniquecounter Info: New unique counter `rerunfilecheck' on input line 2
82.
)
\Hy@SectionHShift=\skip48
)
(/usr/share/texlive/texmf-dist/tex/generic/ulem/ulem.sty
\UL@box=\box31
\UL@hyphenbox=\box32
\UL@skip=\skip49
\UL@hook=\toks24
\UL@height=\dimen127
\UL@pe=\count118
\UL@pixel=\dimen128
\ULC@box=\box33
Package: ulem 2012/05/18
\ULdepth=\dimen129
)
(/usr/share/texlive/texmf-dist/tex/latex/geometry/geometry.sty
Package: geometry 2010/09/12 v5.6 Page Geometry
\Gm@cnth=\count119
\Gm@cntv=\count120
\c@Gm@tempcnt=\count121
\Gm@bindingoffset=\dimen130
\Gm@wd@mp=\dimen131
\Gm@odd@mp=\dimen132
\Gm@even@mp=\dimen133
\Gm@layoutwidth=\dimen134
\Gm@layoutheight=\dimen135
\Gm@layouthoffset=\dimen136
\Gm@layoutvoffset=\dimen137
\Gm@dimlist=\toks25
) (./sa.aux)
\openout1 = `sa.aux'.

LaTeX Font Info:    Checking defaults for OML/cmm/m/it on input line 26.
LaTeX Font Info:    ... okay on input line 26.
LaTeX Font Info:    Checking defaults for T1/cmr/m/n on input line 26.
LaTeX Font Info:    ... okay on input line 26.
LaTeX Font Info:    Checking defaults for OT1/cmr/m/n on input line 26.
LaTeX Font Info:    ... okay on input line 26.
LaTeX Font Info:    Checking defaults for OMS/cmsy/m/n on input line 26.
LaTeX Font Info:    ... okay on input line 26.
LaTeX Font Info:    Checking defaults for OMX/cmex/m/n on input line 26.
LaTeX Font Info:    ... okay on input line 26.
LaTeX Font Info:    Checking defaults for U/cmr/m/n on input line 26.
LaTeX Font Info:    ... okay on input line 26.
LaTeX Font Info:    Checking defaults for PD1/pdf/m/n on input line 26.
LaTeX Font Info:    ... okay on input line 26.

(/usr/share/texlive/texmf-dist/tex/context/base/supp-pdf.mkii
[Loading MPS to PDF converter (version 2006.09.02).]
\scratchcounter=\count122
\scratchdimen=\dimen138
\scratchbox=\box34
\nofMPsegments=\count123
\nofMParguments=\count124
\everyMPshowfont=\toks26
\MPscratchCnt=\count125
\MPscratchDim=\dimen139
\MPnumerator=\count126
\makeMPintoPDFobject=\count127
\everyMPtoPDFconversion=\toks27
) (/usr/share/texlive/texmf-dist/tex/latex/oberdiek/epstopdf-base.sty
Package: epstopdf-base 2010/02/09 v2.5 Base part for package epstopdf

(/usr/share/texlive/texmf-dist/tex/latex/oberdiek/grfext.sty
Package: grfext 2010/08/19 v1.1 Manage graphics extensions (HO)
)
Package grfext Info: Graphics extension search list:
(grfext)             [.png,.pdf,.jpg,.mps,.jpeg,.jbig2,.jb2,.PNG,.PDF,.JPG,.JPE
G,.JBIG2,.JB2,.eps]
(grfext)             \AppendGraphicsExtensions on input line 452.

(/usr/share/texlive/texmf-dist/tex/latex/latexconfig/epstopdf-sys.cfg
File: epstopdf-sys.cfg 2010/07/13 v1.3 Configuration of (r)epstopdf for TeX Liv
e
))
\c@lstlisting=\count128
\AtBeginShipoutBox=\box35
Package hyperref Info: Link coloring OFF on input line 26.

(/usr/share/texlive/texmf-dist/tex/latex/hyperref/nameref.sty
Package: nameref 2012/10/27 v2.43 Cross-referencing by name of section

(/usr/share/texlive/texmf-dist/tex/generic/oberdiek/gettitlestring.sty
Package: gettitlestring 2010/12/03 v1.4 Cleanup title references (HO)
)
\c@section@level=\count129
)
LaTeX Info: Redefining \ref on input line 26.
LaTeX Info: Redefining \pageref on input line 26.
LaTeX Info: Redefining \nameref on input line 26.

(./sa.out) (./sa.out)
\@outlinefile=\write3
\openout3 = `sa.out'.


*geometry* driver: auto-detecting
*geometry* detected driver: pdftex
*geometry* verbose mode - [ preamble ] result:
* driver: pdftex
* paper: a4paper
* layout: <same size as paper>
* layoutoffset:(h,v)=(0.0pt,0.0pt)
* modes: 
* h-part:(L,W,R)=(56.9055pt, 450.97528pt, 89.62709pt)
* v-part:(T,H,B)=(101.40665pt, 591.5302pt, 152.11pt)
* \paperwidth=597.50787pt
* \paperheight=845.04684pt
* \textwidth=450.97528pt
* \textheight=591.5302pt
* \oddsidemargin=-15.36449pt
* \evensidemargin=-15.36449pt
* \topmargin=-7.86334pt
* \headheight=12.0pt
* \headsep=25.0pt
* \topskip=10.0pt
* \footskip=30.0pt
* \marginparwidth=57.0pt
* \marginparsep=11.0pt
* \columnsep=10.0pt
* \skip\footins=9.0pt plus 4.0pt minus 2.0pt
* \hoffset=0.0pt
* \voffset=0.0pt
* \mag=1000
* \@twocolumnfalse
* \@twosidefalse
* \@mparswitchfalse
* \@reversemarginfalse
* (1in=72.27pt=25.4mm, 1cm=28.453pt)

<images/logoLIS_modified.jpg, id=221, 501.875pt x 368.37625pt>
File: images/logoLIS_modified.jpg Graphic file (type jpg)

<use images/logoLIS_modified.jpg>
Package pdftex.def Info: images/logoLIS_modified.jpg used on input line 31.
(pdftex.def)             Requested size: 301.12732pt x 221.02744pt.
LaTeX Font Info:    Try loading font information for OMS+cmr on input line 39.

(/usr/share/texlive/texmf-dist/tex/latex/base/omscmr.fd
File: omscmr.fd 1999/05/25 v2.5h Standard LaTeX font definitions
)
LaTeX Font Info:    Font shape `OMS/cmr/m/n' in size <10> not available
(Font)              Font shape `OMS/cmsy/m/n' tried instead on input line 39.
 [1

{/var/lib/texmf/fonts/map/pdftex/updmap/pdftex.map} <./images/logoLIS_modified.
jpg>] (./sa.toc
[2])
\tf@toc=\write4
\openout4 = `sa.toc'.

 [3] [4] [5] <images/useCaseDiag.jpg, id=309, 812.03375pt x 531.9875pt>
File: images/useCaseDiag.jpg Graphic file (type jpg)

<use images/useCaseDiag.jpg>
Package pdftex.def Info: images/useCaseDiag.jpg used on input line 150.
(pdftex.def)             Requested size: 446.61995pt x 292.59402pt.

Overfull \hbox (10.64467pt too wide) in paragraph at lines 150--151
[][] 
 []


Underfull \hbox (badness 10000) in paragraph at lines 150--151

 []

[6]
Underfull \hbox (badness 10000) in paragraph at lines 152--154

 []


Underfull \hbox (badness 10000) in paragraph at lines 158--159

 []


Underfull \hbox (badness 10000) in paragraph at lines 160--163

 []


Underfull \hbox (badness 10000) in paragraph at lines 163--164

 []


Underfull \hbox (badness 10000) in paragraph at lines 164--165

 []


Underfull \hbox (badness 10000) in paragraph at lines 165--166

 []


Underfull \hbox (badness 10000) in paragraph at lines 166--167

 []

[7 <./images/useCaseDiag.jpg>]
Underfull \hbox (badness 10000) in paragraph at lines 167--168

 []


Underfull \hbox (badness 10000) in paragraph at lines 168--169

 []


Underfull \hbox (badness 10000) in paragraph at lines 171--172

 []


Underfull \hbox (badness 10000) in paragraph at lines 173--178

 []


Underfull \hbox (badness 10000) in paragraph at lines 178--179

 []


Underfull \hbox (badness 10000) in paragraph at lines 179--183

 []


Underfull \hbox (badness 10000) in paragraph at lines 183--184

 []


Underfull \hbox (badness 10000) in paragraph at lines 184--185

 []


Underfull \hbox (badness 10000) in paragraph at lines 185--186

 []


Underfull \hbox (badness 10000) in paragraph at lines 190--191

 []


Underfull \hbox (badness 10000) in paragraph at lines 192--195

 []


Underfull \hbox (badness 10000) in paragraph at lines 195--199

 []

[8]
Underfull \hbox (badness 10000) in paragraph at lines 199--200

 []


Underfull \hbox (badness 10000) in paragraph at lines 200--201

 []


Underfull \hbox (badness 10000) in paragraph at lines 201--202

 []


Underfull \hbox (badness 10000) in paragraph at lines 202--203

 []


Underfull \hbox (badness 10000) in paragraph at lines 203--204

 []


Underfull \hbox (badness 10000) in paragraph at lines 206--207

 []


Underfull \hbox (badness 10000) in paragraph at lines 208--213

 []


Underfull \hbox (badness 10000) in paragraph at lines 213--216

 []


Underfull \hbox (badness 10000) in paragraph at lines 216--220

 []


Underfull \hbox (badness 10000) in paragraph at lines 220--221

 []


Underfull \hbox (badness 10000) in paragraph at lines 221--222

 []


Underfull \hbox (badness 10000) in paragraph at lines 222--223

 []


Underfull \hbox (badness 10000) in paragraph at lines 223--224

 []


Underfull \hbox (badness 10000) in paragraph at lines 227--228

 []

[9]
Underfull \hbox (badness 10000) in paragraph at lines 229--232

 []


Underfull \hbox (badness 10000) in paragraph at lines 232--235

 []


Underfull \hbox (badness 10000) in paragraph at lines 235--236

 []


Underfull \hbox (badness 10000) in paragraph at lines 236--239

 []


Underfull \hbox (badness 10000) in paragraph at lines 239--240

 []


Underfull \hbox (badness 10000) in paragraph at lines 243--244

 []


Underfull \hbox (badness 10000) in paragraph at lines 245--246

 []


Underfull \hbox (badness 10000) in paragraph at lines 247--248

 []


Underfull \hbox (badness 10000) in paragraph at lines 248--249

 []

[10]
Underfull \hbox (badness 10000) in paragraph at lines 278--279

 []


Underfull \hbox (badness 10000) in paragraph at lines 279--280

 []


Underfull \hbox (badness 10000) in paragraph at lines 280--281

 []


Underfull \hbox (badness 10000) in paragraph at lines 281--282

 []


Underfull \hbox (badness 10000) in paragraph at lines 282--283

 []


Underfull \hbox (badness 10000) in paragraph at lines 283--284

 []


Underfull \hbox (badness 10000) in paragraph at lines 284--285

 []


Underfull \hbox (badness 10000) in paragraph at lines 296--297

 []


Underfull \hbox (badness 10000) in paragraph at lines 297--298

 []


Underfull \hbox (badness 10000) in paragraph at lines 298--299

 []


Underfull \hbox (badness 10000) in paragraph at lines 299--300

 []

[11]
Underfull \hbox (badness 10000) in paragraph at lines 300--301

 []


Underfull \hbox (badness 10000) in paragraph at lines 301--302

 []


Underfull \hbox (badness 10000) in paragraph at lines 302--303

 []


Underfull \hbox (badness 10000) in paragraph at lines 305--306

 []


Underfull \hbox (badness 10000) in paragraph at lines 307--308

 []


Underfull \hbox (badness 10000) in paragraph at lines 308--309

 []


Underfull \hbox (badness 10000) in paragraph at lines 309--310

 []


Underfull \hbox (badness 10000) in paragraph at lines 310--311

 []


Underfull \hbox (badness 10000) in paragraph at lines 311--312

 []


Underfull \hbox (badness 10000) in paragraph at lines 312--313

 []


Underfull \hbox (badness 10000) in paragraph at lines 313--314

 []


Underfull \hbox (badness 10000) in paragraph at lines 316--317

 []


Underfull \hbox (badness 10000) in paragraph at lines 318--319

 []


Underfull \hbox (badness 10000) in paragraph at lines 319--320

 []


Underfull \hbox (badness 10000) in paragraph at lines 320--321

 []

[12]
Underfull \hbox (badness 10000) in paragraph at lines 321--322

 []


Underfull \hbox (badness 10000) in paragraph at lines 322--323

 []


Underfull \hbox (badness 10000) in paragraph at lines 323--324

 []


Underfull \hbox (badness 10000) in paragraph at lines 324--325

 []


Underfull \hbox (badness 10000) in paragraph at lines 327--328

 []


Underfull \hbox (badness 10000) in paragraph at lines 329--330

 []


Underfull \hbox (badness 10000) in paragraph at lines 330--331

 []


Underfull \hbox (badness 10000) in paragraph at lines 331--332

 []


Underfull \hbox (badness 10000) in paragraph at lines 332--333

 []


Underfull \hbox (badness 10000) in paragraph at lines 333--334

 []


Underfull \hbox (badness 10000) in paragraph at lines 339--340

 []


Underfull \hbox (badness 10000) in paragraph at lines 342--343

 []


Underfull \hbox (badness 10000) in paragraph at lines 344--345

 []


Underfull \hbox (badness 10000) in paragraph at lines 345--346

 []


Underfull \hbox (badness 10000) in paragraph at lines 346--347

 []


Underfull \hbox (badness 10000) in paragraph at lines 347--348

 []

[13]
Underfull \hbox (badness 10000) in paragraph at lines 350--351

 []


Underfull \hbox (badness 10000) in paragraph at lines 352--353

 []


Underfull \hbox (badness 10000) in paragraph at lines 353--354

 []


Underfull \hbox (badness 10000) in paragraph at lines 354--355

 []


Underfull \hbox (badness 10000) in paragraph at lines 355--356

 []


Underfull \hbox (badness 10000) in paragraph at lines 358--359

 []


Underfull \hbox (badness 10000) in paragraph at lines 360--361

 []


Underfull \hbox (badness 10000) in paragraph at lines 361--362

 []


Underfull \hbox (badness 10000) in paragraph at lines 362--363

 []


Underfull \hbox (badness 10000) in paragraph at lines 363--364

 []


Underfull \hbox (badness 10000) in paragraph at lines 366--367

 []


Underfull \hbox (badness 10000) in paragraph at lines 368--369

 []


Underfull \hbox (badness 10000) in paragraph at lines 369--370

 []


Underfull \hbox (badness 10000) in paragraph at lines 370--371

 []


Underfull \hbox (badness 10000) in paragraph at lines 371--372

 []


Underfull \hbox (badness 10000) in paragraph at lines 376--377

 []

[14]
Underfull \hbox (badness 10000) in paragraph at lines 377--378

 []


Underfull \hbox (badness 10000) in paragraph at lines 378--379

 []


Underfull \hbox (badness 10000) in paragraph at lines 379--380

 []


Underfull \hbox (badness 10000) in paragraph at lines 383--384

 []


Underfull \hbox (badness 10000) in paragraph at lines 385--386

 []


Underfull \hbox (badness 10000) in paragraph at lines 387--388

 []


Underfull \hbox (badness 10000) in paragraph at lines 388--389

 []


Underfull \hbox (badness 10000) in paragraph at lines 389--390

 []


Underfull \hbox (badness 10000) in paragraph at lines 390--391

 []


Underfull \hbox (badness 10000) in paragraph at lines 393--394

 []


Underfull \hbox (badness 10000) in paragraph at lines 395--396

 []


Underfull \hbox (badness 10000) in paragraph at lines 396--397

 []


Underfull \hbox (badness 10000) in paragraph at lines 397--398

 []


Underfull \hbox (badness 10000) in paragraph at lines 398--399

 []


Underfull \hbox (badness 10000) in paragraph at lines 401--402

 []


Underfull \hbox (badness 10000) in paragraph at lines 403--404

 []

[15]
Underfull \hbox (badness 10000) in paragraph at lines 404--405

 []


Underfull \hbox (badness 10000) in paragraph at lines 405--406

 []


Underfull \hbox (badness 10000) in paragraph at lines 406--407

 []

<images/classDiag.png, id=362, 1266.7325pt x 542.025pt>
File: images/classDiag.png Graphic file (type png)

<use images/classDiag.png>
Package pdftex.def Info: images/classDiag.png used on input line 412.
(pdftex.def)             Requested size: 443.36302pt x 189.71158pt.

Overfull \hbox (7.38774pt too wide) in paragraph at lines 412--415
[][] 
 []


Underfull \hbox (badness 10000) in paragraph at lines 412--415

 []


Underfull \hbox (badness 10000) in paragraph at lines 419--431

 []

[16 <./images/classDiag.png>]
Overfull \hbox (447.03362pt too wide) in paragraph at lines 432--434
\OT1/cmr/m/n/10 Getter func-tions for name,No$[]$of$[]$copies,ISBN number,Penal
ty$[]$rate,LastIssueDate,author,NoOfCopiesIssued,NoOfCopiesReserved,NoOfBooks,I
DsofIssuedMembers,IDsOfMembersReserved,RackNo. 
 []


Overfull \hbox (35.50328pt too wide) in paragraph at lines 435--438
\OT1/cmr/m/n/10 Setters for No$[]$of$[]$copies,LastIssueDate,NoOfCopiesIssued,N
oOfCopiesReserved,IDsOfIssuedMembers,
 []


Underfull \hbox (badness 10000) in paragraph at lines 461--462

 []


Underfull \hbox (badness 10000) in paragraph at lines 462--464

 []


Underfull \hbox (badness 10000) in paragraph at lines 467--469

 []


Underfull \hbox (badness 10000) in paragraph at lines 469--470

 []


Underfull \hbox (badness 10000) in paragraph at lines 470--471

 []


Underfull \hbox (badness 10000) in paragraph at lines 471--472

 []


Underfull \hbox (badness 10000) in paragraph at lines 472--473

 []


Underfull \hbox (badness 10000) in paragraph at lines 473--474

 []


Underfull \hbox (badness 10000) in paragraph at lines 482--483

 []

[17]
Underfull \hbox (badness 10000) in paragraph at lines 483--484

 []


Underfull \hbox (badness 10000) in paragraph at lines 488--489

 []


Underfull \hbox (badness 10000) in paragraph at lines 489--490

 []


Underfull \hbox (badness 10000) in paragraph at lines 513--514

 []

<images/seqDiagAddUser.png, id=371, 446.66875pt x 293.095pt>
File: images/seqDiagAddUser.png Graphic file (type png)

<use images/seqDiagAddUser.png>
Package pdftex.def Info: images/seqDiagAddUser.png used on input line 542.
(pdftex.def)             Requested size: 223.33382pt x 146.54713pt.

Underfull \hbox (badness 10000) in paragraph at lines 542--546

 []

[18] <images/seqDiagRemoveUser.png, id=376, 444.66125pt x 295.1025pt>
File: images/seqDiagRemoveUser.png Graphic file (type png)

<use images/seqDiagRemoveUser.png>
Package pdftex.def Info: images/seqDiagRemoveUser.png used on input line 548.
(pdftex.def)             Requested size: 222.33008pt x 147.55087pt.

Underfull \hbox (badness 10000) in paragraph at lines 548--552

 []

<images/seqDiagAddBook.png, id=377, 311.1625pt x 321.2pt>
File: images/seqDiagAddBook.png Graphic file (type png)

<use images/seqDiagAddBook.png>
Package pdftex.def Info: images/seqDiagAddBook.png used on input line 554.
(pdftex.def)             Requested size: 155.58087pt x 160.59961pt.

Underfull \hbox (badness 10000) in paragraph at lines 554--558

 []

[19 <./images/seqDiagAddUser.png> <./images/seqDiagRemoveUser.png>]
<images/seqDiagBookRemoval.png, id=383, 355.3275pt x 335.2525pt>
File: images/seqDiagBookRemoval.png Graphic file (type png)

<use images/seqDiagBookRemoval.png>
Package pdftex.def Info: images/seqDiagBookRemoval.png used on input line 560.
(pdftex.def)             Requested size: 177.6633pt x 167.62584pt.

Underfull \hbox (badness 10000) in paragraph at lines 560--564

 []

<images/seqDiagIssueBook.png, id=384, 437.635pt x 415.5525pt>
File: images/seqDiagIssueBook.png Graphic file (type png)

<use images/seqDiagIssueBook.png>
Package pdftex.def Info: images/seqDiagIssueBook.png used on input line 566.
(pdftex.def)             Requested size: 218.81696pt x 207.77574pt.

Underfull \hbox (badness 10000) in paragraph at lines 566--569

 []

[20 <./images/seqDiagAddBook.png> <./images/seqDiagBookRemoval.png>]
<images/seqDiagReturnBook.png, id=389, 531.9875pt x 387.4475pt>
File: images/seqDiagReturnBook.png Graphic file (type png)

<use images/seqDiagReturnBook.png>
Package pdftex.def Info: images/seqDiagReturnBook.png used on input line 571.
(pdftex.def)             Requested size: 265.9931pt x 193.72327pt.

Underfull \hbox (badness 10000) in paragraph at lines 571--575

 []

File: images/seqDiagBookRemoval.png Graphic file (type png)
<use images/seqDiagBookRemoval.png>
Package pdftex.def Info: images/seqDiagBookRemoval.png used on input line 577.
(pdftex.def)             Requested size: 177.6633pt x 167.62584pt.

Underfull \hbox (badness 10000) in paragraph at lines 577--581

 []

[21 <./images/seqDiagIssueBook.png> <./images/seqDiagReturnBook.png>]
<images/collaDiag.jpg, id=394, 998.73125pt x 493.845pt>
File: images/collaDiag.jpg Graphic file (type jpg)

<use images/collaDiag.jpg>
Package pdftex.def Info: images/collaDiag.jpg used on input line 584.
(pdftex.def)             Requested size: 499.3644pt x 246.92189pt.

Overfull \hbox (63.38911pt too wide) in paragraph at lines 584--593
[][] 
 []

[22 <./images/collaDiag.jpg>]
<images/stateDiagIssue.png, id=399, 875.27pt x 503.8825pt>
File: images/stateDiagIssue.png Graphic file (type png)

<use images/stateDiagIssue.png>
Package pdftex.def Info: images/stateDiagIssue.png used on input line 596.
(pdftex.def)             Requested size: 437.63393pt x 251.94063pt.

Overfull \hbox (1.65865pt too wide) in paragraph at lines 596--599
[][] 
 []

<images/activityDiagIssue.png, id=400, 1074.0125pt x 525.965pt>
File: images/activityDiagIssue.png Graphic file (type png)

<use images/activityDiagIssue.png>
Package pdftex.def Info: images/activityDiagIssue.png used on input line 603.
(pdftex.def)             Requested size: 537.00493pt x 262.98184pt.

Overfull \hbox (101.02965pt too wide) in paragraph at lines 603--606
[][] 
 []

[23 <./images/stateDiagIssue.png>]
<images/activityDiagReturn.png, id=405, 1152.305pt x 543.02875pt>
File: images/activityDiagReturn.png Graphic file (type png)

<use images/activityDiagReturn.png>
Package pdftex.def Info: images/activityDiagReturn.png used on input line 607.
(pdftex.def)             Requested size: 460.91383pt x 217.20764pt.

Overfull \hbox (24.93855pt too wide) in paragraph at lines 607--610
[][] 
 []

[24 <./images/activityDiagIssue.png>]
<images/activityDiagSearch.jpg, id=410, 1033.8625pt x 487.8225pt>
File: images/activityDiagSearch.jpg Graphic file (type jpg)

<use images/activityDiagSearch.jpg>
Package pdftex.def Info: images/activityDiagSearch.jpg used on input line 611.
(pdftex.def)             Requested size: 516.93pt x 243.91064pt.

Overfull \hbox (80.95471pt too wide) in paragraph at lines 611--614
[][] 
 []

[25 <./images/activityDiagReturn.png> <./images/activityDiagSearch.jpg>]
<images/contextDiag.jpg, id=416, 944.52875pt x 466.74374pt>
File: images/contextDiag.jpg Graphic file (type jpg)

<use images/contextDiag.jpg>
Package pdftex.def Info: images/contextDiag.jpg used on input line 619.
(pdftex.def)             Requested size: 472.26321pt x 233.37129pt.

Overfull \hbox (46.28796pt too wide) in paragraph at lines 618--620
[] 
 []


Underfull \hbox (badness 10000) in paragraph at lines 620--621

 []

<images/dfdDiagLogin.png, id=417, 939.51pt x 326.21875pt>
File: images/dfdDiagLogin.png Graphic file (type png)

<use images/dfdDiagLogin.png>
Package pdftex.def Info: images/dfdDiagLogin.png used on input line 623.
(pdftex.def)             Requested size: 469.75385pt x 163.10896pt.

Overfull \hbox (65.7786pt too wide) in paragraph at lines 622--624
[] 
 []


Underfull \hbox (badness 10000) in paragraph at lines 622--624

 []

<images/DFDDiagIssue.png, id=418, 588.1975pt x 297.11pt>
File: images/DFDDiagIssue.png Graphic file (type png)

<use images/DFDDiagIssue.png>
Package pdftex.def Info: images/DFDDiagIssue.png used on input line 624.
(pdftex.def)             Requested size: 294.09802pt x 148.55463pt.

Underfull \hbox (badness 10000) in paragraph at lines 624--625

 []

[26 <./images/contextDiag.jpg> <./images/dfdDiagLogin.png>]
<images/dfdDiagReturnBook.png, id=423, 612.2875pt x 309.155pt>
File: images/dfdDiagReturnBook.png Graphic file (type png)

<use images/dfdDiagReturnBook.png>
Package pdftex.def Info: images/dfdDiagReturnBook.png used on input line 625.
(pdftex.def)             Requested size: 306.143pt x 154.57712pt.

Underfull \hbox (badness 10000) in paragraph at lines 625--626

 []

<images/dfdDiagSearch.png, id=424, 592.2125pt x 307.1475pt>
File: images/dfdDiagSearch.png Graphic file (type png)

<use images/dfdDiagSearch.png>
Package pdftex.def Info: images/dfdDiagSearch.png used on input line 626.
(pdftex.def)             Requested size: 296.10551pt x 153.57336pt.

Underfull \hbox (badness 10000) in paragraph at lines 626--627

 []

[27 <./images/DFDDiagIssue.png> <./images/dfdDiagReturnBook.png> <./images/dfdD
iagSearch.png>] [28] [29]
Underfull \hbox (badness 10000) in paragraph at lines 710--713

 []


Underfull \hbox (badness 10000) in paragraph at lines 715--719

 []

[30]
Underfull \hbox (badness 10000) in paragraph at lines 754--757

 []

[31]
File: images/useCaseDiag.jpg Graphic file (type jpg)
 <use images/useCaseDiag.jpg>
Package pdftex.def Info: images/useCaseDiag.jpg used on input line 780.
(pdftex.def)             Requested size: 446.61995pt x 292.59402pt.

Overfull \hbox (10.64467pt too wide) in paragraph at lines 780--781
[][] 
 []


Underfull \hbox (badness 10000) in paragraph at lines 780--781

 []

<images/userCaseDiag.png, id=470, 417.56pt x 508.90125pt>
File: images/userCaseDiag.png Graphic file (type png)

<use images/userCaseDiag.png>
Package pdftex.def Info: images/userCaseDiag.png used on input line 783.
(pdftex.def)             Requested size: 250.53792pt x 305.34311pt.

Underfull \hbox (badness 10000) in paragraph at lines 783--784

 []

[32] <images/clerkClassDiag.png, id=475, 373.395pt x 338.26375pt>
File: images/clerkClassDiag.png Graphic file (type png)

<use images/clerkClassDiag.png>
Package pdftex.def Info: images/clerkClassDiag.png used on input line 785.
(pdftex.def)             Requested size: 224.03873pt x 202.95981pt.

Underfull \hbox (badness 10000) in paragraph at lines 785--786

 []

<images/librarianCaseDiag.png, id=476, 339.2675pt x 354.32375pt>
File: images/librarianCaseDiag.png Graphic file (type png)

<use images/librarianCaseDiag.png>
Package pdftex.def Info: images/librarianCaseDiag.png used on input line 787.
(pdftex.def)             Requested size: 203.56206pt x 212.59589pt.

Underfull \hbox (badness 10000) in paragraph at lines 787--790

 []

[33 <./images/userCaseDiag.png> <./images/clerkClassDiag.png>]
Underfull \hbox (badness 10000) in paragraph at lines 794--795

 []


Underfull \hbox (badness 10000) in paragraph at lines 796--799

 []


Underfull \hbox (badness 10000) in paragraph at lines 799--800

 []


Underfull \hbox (badness 10000) in paragraph at lines 800--801

 []


Underfull \hbox (badness 10000) in paragraph at lines 801--802

 []


Underfull \hbox (badness 10000) in paragraph at lines 802--803

 []


Underfull \hbox (badness 10000) in paragraph at lines 803--804

 []


Underfull \hbox (badness 10000) in paragraph at lines 804--805

 []

[34 <./images/librarianCaseDiag.png>]
Underfull \hbox (badness 10000) in paragraph at lines 807--808

 []


Underfull \hbox (badness 10000) in paragraph at lines 809--814

 []


Underfull \hbox (badness 10000) in paragraph at lines 814--815

 []


Underfull \hbox (badness 10000) in paragraph at lines 815--819

 []


Underfull \hbox (badness 10000) in paragraph at lines 819--820

 []


Underfull \hbox (badness 10000) in paragraph at lines 820--821

 []


Underfull \hbox (badness 10000) in paragraph at lines 821--822

 []


Underfull \hbox (badness 10000) in paragraph at lines 826--827

 []


Underfull \hbox (badness 10000) in paragraph at lines 828--831

 []


Underfull \hbox (badness 10000) in paragraph at lines 831--835

 []


Underfull \hbox (badness 10000) in paragraph at lines 835--836

 []


Underfull \hbox (badness 10000) in paragraph at lines 836--837

 []


Underfull \hbox (badness 10000) in paragraph at lines 837--838

 []

[35]
Underfull \hbox (badness 10000) in paragraph at lines 838--839

 []


Underfull \hbox (badness 10000) in paragraph at lines 839--840

 []


Underfull \hbox (badness 10000) in paragraph at lines 842--843

 []


Underfull \hbox (badness 10000) in paragraph at lines 844--849

 []


Underfull \hbox (badness 10000) in paragraph at lines 849--852

 []


Underfull \hbox (badness 10000) in paragraph at lines 852--856

 []


Underfull \hbox (badness 10000) in paragraph at lines 856--857

 []


Underfull \hbox (badness 10000) in paragraph at lines 857--858

 []


Underfull \hbox (badness 10000) in paragraph at lines 858--859

 []


Underfull \hbox (badness 10000) in paragraph at lines 859--860

 []


Underfull \hbox (badness 10000) in paragraph at lines 863--864

 []


Underfull \hbox (badness 10000) in paragraph at lines 865--868

 []


Underfull \hbox (badness 10000) in paragraph at lines 868--871

 []

[36]
Underfull \hbox (badness 10000) in paragraph at lines 871--872

 []


Underfull \hbox (badness 10000) in paragraph at lines 872--875

 []


Underfull \hbox (badness 10000) in paragraph at lines 875--876

 []


Underfull \hbox (badness 10000) in paragraph at lines 879--880

 []


Underfull \hbox (badness 10000) in paragraph at lines 881--882

 []


Underfull \hbox (badness 10000) in paragraph at lines 883--884

 []


Underfull \hbox (badness 10000) in paragraph at lines 884--885

 []


Underfull \hbox (badness 10000) in paragraph at lines 914--915

 []

[37]
Underfull \hbox (badness 10000) in paragraph at lines 915--916

 []


Underfull \hbox (badness 10000) in paragraph at lines 916--917

 []


Underfull \hbox (badness 10000) in paragraph at lines 917--918

 []


Underfull \hbox (badness 10000) in paragraph at lines 918--919

 []


Underfull \hbox (badness 10000) in paragraph at lines 919--920

 []


Underfull \hbox (badness 10000) in paragraph at lines 920--921

 []


Underfull \hbox (badness 10000) in paragraph at lines 932--933

 []


Underfull \hbox (badness 10000) in paragraph at lines 933--934

 []


Underfull \hbox (badness 10000) in paragraph at lines 934--935

 []


Underfull \hbox (badness 10000) in paragraph at lines 935--936

 []


Underfull \hbox (badness 10000) in paragraph at lines 936--937

 []


Underfull \hbox (badness 10000) in paragraph at lines 937--938

 []


Underfull \hbox (badness 10000) in paragraph at lines 938--939

 []


Underfull \hbox (badness 10000) in paragraph at lines 941--942

 []

[38]
Underfull \hbox (badness 10000) in paragraph at lines 943--944

 []


Underfull \hbox (badness 10000) in paragraph at lines 944--945

 []


Underfull \hbox (badness 10000) in paragraph at lines 945--946

 []


Underfull \hbox (badness 10000) in paragraph at lines 946--947

 []


Underfull \hbox (badness 10000) in paragraph at lines 947--948

 []


Underfull \hbox (badness 10000) in paragraph at lines 948--949

 []


Underfull \hbox (badness 10000) in paragraph at lines 949--950

 []


Underfull \hbox (badness 10000) in paragraph at lines 952--953

 []


Underfull \hbox (badness 10000) in paragraph at lines 954--955

 []


Underfull \hbox (badness 10000) in paragraph at lines 955--956

 []


Underfull \hbox (badness 10000) in paragraph at lines 956--957

 []


Underfull \hbox (badness 10000) in paragraph at lines 957--958

 []


Underfull \hbox (badness 10000) in paragraph at lines 958--959

 []


Underfull \hbox (badness 10000) in paragraph at lines 959--960

 []

[39]
Underfull \hbox (badness 10000) in paragraph at lines 960--961

 []


Underfull \hbox (badness 10000) in paragraph at lines 963--964

 []


Underfull \hbox (badness 10000) in paragraph at lines 965--966

 []


Underfull \hbox (badness 10000) in paragraph at lines 966--967

 []


Underfull \hbox (badness 10000) in paragraph at lines 967--968

 []


Underfull \hbox (badness 10000) in paragraph at lines 968--969

 []


Underfull \hbox (badness 10000) in paragraph at lines 969--970

 []


Underfull \hbox (badness 10000) in paragraph at lines 975--976

 []


Underfull \hbox (badness 10000) in paragraph at lines 978--979

 []


Underfull \hbox (badness 10000) in paragraph at lines 980--981

 []


Underfull \hbox (badness 10000) in paragraph at lines 981--982

 []


Underfull \hbox (badness 10000) in paragraph at lines 982--983

 []


Underfull \hbox (badness 10000) in paragraph at lines 983--984

 []


Underfull \hbox (badness 10000) in paragraph at lines 986--987

 []


Underfull \hbox (badness 10000) in paragraph at lines 988--989

 []


Underfull \hbox (badness 10000) in paragraph at lines 989--990

 []

[40]
Underfull \hbox (badness 10000) in paragraph at lines 990--991

 []


Underfull \hbox (badness 10000) in paragraph at lines 991--992

 []


Underfull \hbox (badness 10000) in paragraph at lines 994--995

 []


Underfull \hbox (badness 10000) in paragraph at lines 996--997

 []


Underfull \hbox (badness 10000) in paragraph at lines 997--998

 []


Underfull \hbox (badness 10000) in paragraph at lines 998--999

 []


Underfull \hbox (badness 10000) in paragraph at lines 999--1000

 []


Underfull \hbox (badness 10000) in paragraph at lines 1002--1003

 []


Underfull \hbox (badness 10000) in paragraph at lines 1004--1005

 []


Underfull \hbox (badness 10000) in paragraph at lines 1005--1006

 []


Underfull \hbox (badness 10000) in paragraph at lines 1006--1007

 []


Underfull \hbox (badness 10000) in paragraph at lines 1007--1008

 []


Underfull \hbox (badness 10000) in paragraph at lines 1012--1013

 []


Underfull \hbox (badness 10000) in paragraph at lines 1013--1014

 []


Underfull \hbox (badness 10000) in paragraph at lines 1014--1015

 []


Underfull \hbox (badness 10000) in paragraph at lines 1015--1016

 []

[41]
Underfull \hbox (badness 10000) in paragraph at lines 1019--1020

 []


Underfull \hbox (badness 10000) in paragraph at lines 1021--1022

 []


Underfull \hbox (badness 10000) in paragraph at lines 1023--1024

 []


Underfull \hbox (badness 10000) in paragraph at lines 1024--1025

 []


Underfull \hbox (badness 10000) in paragraph at lines 1025--1026

 []


Underfull \hbox (badness 10000) in paragraph at lines 1026--1027

 []


Underfull \hbox (badness 10000) in paragraph at lines 1029--1030

 []


Underfull \hbox (badness 10000) in paragraph at lines 1031--1032

 []


Underfull \hbox (badness 10000) in paragraph at lines 1032--1033

 []


Underfull \hbox (badness 10000) in paragraph at lines 1033--1034

 []


Underfull \hbox (badness 10000) in paragraph at lines 1034--1035

 []


Underfull \hbox (badness 10000) in paragraph at lines 1037--1038

 []


Underfull \hbox (badness 10000) in paragraph at lines 1039--1040

 []


Underfull \hbox (badness 10000) in paragraph at lines 1040--1041

 []


Underfull \hbox (badness 10000) in paragraph at lines 1041--1042

 []


Underfull \hbox (badness 10000) in paragraph at lines 1042--1043

 []

[42]
File: images/contextDiag.jpg Graphic file (type jpg)
 <use images/contextDiag.jpg>
Package pdftex.def Info: images/contextDiag.jpg used on input line 1052.
(pdftex.def)             Requested size: 472.26321pt x 233.37129pt.

Overfull \hbox (46.28796pt too wide) in paragraph at lines 1051--1053
[] 
 []


Underfull \hbox (badness 10000) in paragraph at lines 1053--1054

 []

File: images/dfdDiagLogin.png Graphic file (type png)
<use images/dfdDiagLogin.png>
Package pdftex.def Info: images/dfdDiagLogin.png used on input line 1056.
(pdftex.def)             Requested size: 469.75385pt x 163.10896pt.

Overfull \hbox (65.7786pt too wide) in paragraph at lines 1055--1057
[] 
 []


Underfull \hbox (badness 10000) in paragraph at lines 1055--1057

 []

File: images/DFDDiagIssue.png Graphic file (type png)
<use images/DFDDiagIssue.png>
Package pdftex.def Info: images/DFDDiagIssue.png used on input line 1057.
(pdftex.def)             Requested size: 294.09802pt x 148.55463pt.

Underfull \hbox (badness 10000) in paragraph at lines 1057--1058

 []

[43]
File: images/dfdDiagReturnBook.png Graphic file (type png)
 <use images/dfdDiagReturnBook.png>
Package pdftex.def Info: images/dfdDiagReturnBook.png used on input line 1058.
(pdftex.def)             Requested size: 306.143pt x 154.57712pt.

Underfull \hbox (badness 10000) in paragraph at lines 1058--1059

 []

File: images/dfdDiagSearch.png Graphic file (type png)
<use images/dfdDiagSearch.png>
Package pdftex.def Info: images/dfdDiagSearch.png used on input line 1059.
(pdftex.def)             Requested size: 296.10551pt x 153.57336pt.

Underfull \hbox (badness 10000) in paragraph at lines 1059--1060

 []

<images/classDiagFinal.jpg, id=532, 1177.39874pt x 517.935pt>
File: images/classDiagFinal.jpg Graphic file (type jpg)

<use images/classDiagFinal.jpg>
Package pdftex.def Info: images/classDiagFinal.jpg used on input line 1063.
(pdftex.def)             Requested size: 412.09573pt x 181.27995pt.

Underfull \hbox (badness 10000) in paragraph at lines 1063--1067

 []

[44]
Underfull \hbox (badness 10000) in paragraph at lines 1070--1082

 []


Overfull \hbox (447.03362pt too wide) in paragraph at lines 1083--1085
\OT1/cmr/m/n/10 Getter func-tions for name,No$[]$of$[]$copies,ISBN number,Penal
ty$[]$rate,LastIssueDate,author,NoOfCopiesIssued,NoOfCopiesReserved,NoOfBooks,I
DsofIssuedMembers,IDsOfMembersReserved,RackNo. 
 []


Overfull \hbox (35.50328pt too wide) in paragraph at lines 1086--1089
\OT1/cmr/m/n/10 Setters for No$[]$of$[]$copies,LastIssueDate,NoOfCopiesIssued,N
oOfCopiesReserved,IDsOfIssuedMembers,
 []

[45 <./images/classDiagFinal.jpg>]
Underfull \hbox (badness 10000) in paragraph at lines 1112--1113

 []


Underfull \hbox (badness 10000) in paragraph at lines 1113--1115

 []


Underfull \hbox (badness 10000) in paragraph at lines 1118--1120

 []


Underfull \hbox (badness 10000) in paragraph at lines 1120--1121

 []


Underfull \hbox (badness 10000) in paragraph at lines 1121--1122

 []


Underfull \hbox (badness 10000) in paragraph at lines 1122--1123

 []


Underfull \hbox (badness 10000) in paragraph at lines 1123--1124

 []


Underfull \hbox (badness 10000) in paragraph at lines 1124--1125

 []


Underfull \hbox (badness 10000) in paragraph at lines 1133--1134

 []


Underfull \hbox (badness 10000) in paragraph at lines 1134--1135

 []


Underfull \hbox (badness 10000) in paragraph at lines 1139--1140

 []


Underfull \hbox (badness 10000) in paragraph at lines 1140--1141

 []

[46]
Underfull \hbox (badness 10000) in paragraph at lines 1164--1165

 []

File: images/seqDiagAddUser.png Graphic file (type png)
<use images/seqDiagAddUser.png>
Package pdftex.def Info: images/seqDiagAddUser.png used on input line 1193.
(pdftex.def)             Requested size: 223.33382pt x 146.54713pt.

Underfull \hbox (badness 10000) in paragraph at lines 1193--1197

 []

[47]
File: images/seqDiagRemoveUser.png Graphic file (type png)
 <use images/seqDiagRemoveUser.png>
Package pdftex.def Info: images/seqDiagRemoveUser.png used on input line 1199.
(pdftex.def)             Requested size: 222.33008pt x 147.55087pt.

Underfull \hbox (badness 10000) in paragraph at lines 1199--1203

 []

File: images/seqDiagAddBook.png Graphic file (type png)
<use images/seqDiagAddBook.png>
Package pdftex.def Info: images/seqDiagAddBook.png used on input line 1205.
(pdftex.def)             Requested size: 155.58087pt x 160.59961pt.

Underfull \hbox (badness 10000) in paragraph at lines 1205--1209

 []

[48]
File: images/seqDiagBookRemoval.png Graphic file (type png)
 <use images/seqDiagBookRemoval.png>
Package pdftex.def Info: images/seqDiagBookRemoval.png used on input line 1211.

(pdftex.def)             Requested size: 177.6633pt x 167.62584pt.

Underfull \hbox (badness 10000) in paragraph at lines 1211--1215

 []

File: images/seqDiagIssueBook.png Graphic file (type png)
<use images/seqDiagIssueBook.png>
Package pdftex.def Info: images/seqDiagIssueBook.png used on input line 1217.
(pdftex.def)             Requested size: 218.81696pt x 207.77574pt.

Underfull \hbox (badness 10000) in paragraph at lines 1217--1220

 []

[49]
File: images/seqDiagReturnBook.png Graphic file (type png)
 <use images/seqDiagReturnBook.png>
Package pdftex.def Info: images/seqDiagReturnBook.png used on input line 1222.
(pdftex.def)             Requested size: 265.9931pt x 193.72327pt.

Underfull \hbox (badness 10000) in paragraph at lines 1222--1226

 []

File: images/seqDiagBookRemoval.png Graphic file (type png)
<use images/seqDiagBookRemoval.png>
Package pdftex.def Info: images/seqDiagBookRemoval.png used on input line 1228.

(pdftex.def)             Requested size: 177.6633pt x 167.62584pt.

Underfull \hbox (badness 10000) in paragraph at lines 1228--1232

 []

[50]
File: images/collaDiag.jpg Graphic file (type jpg)
 <use images/collaDiag.jpg>
Package pdftex.def Info: images/collaDiag.jpg used on input line 1235.
(pdftex.def)             Requested size: 499.3644pt x 246.92189pt.

Overfull \hbox (63.38911pt too wide) in paragraph at lines 1235--1244
[][] 
 []

[51]
File: images/stateDiagIssue.png Graphic file (type png)
 <use images/stateDiagIssue.png>
Package pdftex.def Info: images/stateDiagIssue.png used on input line 1247.
(pdftex.def)             Requested size: 437.63393pt x 251.94063pt.

Overfull \hbox (1.65865pt too wide) in paragraph at lines 1247--1250
[][] 
 []

File: images/activityDiagIssue.png Graphic file (type png)
<use images/activityDiagIssue.png>
Package pdftex.def Info: images/activityDiagIssue.png used on input line 1254.
(pdftex.def)             Requested size: 537.00493pt x 262.98184pt.

Overfull \hbox (101.02965pt too wide) in paragraph at lines 1254--1257
[][] 
 []

[52]
File: images/activityDiagReturn.png Graphic file (type png)
 <use images/activityDiagReturn.png>
Package pdftex.def Info: images/activityDiagReturn.png used on input line 1258.

(pdftex.def)             Requested size: 460.91383pt x 217.20764pt.

Overfull \hbox (24.93855pt too wide) in paragraph at lines 1258--1261
[][] 
 []

[53]
File: images/activityDiagSearch.jpg Graphic file (type jpg)
 <use images/activityDiagSearch.jpg>
Package pdftex.def Info: images/activityDiagSearch.jpg used on input line 1262.

(pdftex.def)             Requested size: 516.93pt x 243.91064pt.

Overfull \hbox (80.95471pt too wide) in paragraph at lines 1262--1265
[][] 
 []

[54] [55] [56] <images/login.png, id=588, 499.8675pt x 338.26375pt>
File: images/login.png Graphic file (type png)

<use images/login.png>
Package pdftex.def Info: images/login.png used on input line 1324.
(pdftex.def)             Requested size: 249.93314pt x 169.13145pt.
 <images/librarian.png, id=589, 462.72874pt x 309.155pt>
File: images/librarian.png Graphic file (type png)

<use images/librarian.png>
Package pdftex.def Info: images/librarian.png used on input line 1326.
(pdftex.def)             Requested size: 231.3638pt x 154.57712pt.
 [57 <./images/login.png>]
<images/clerk.png, id=594, 533.995pt x 359.3425pt>
File: images/clerk.png Graphic file (type png)
 <use images/clerk.png>
Package pdftex.def Info: images/clerk.png used on input line 1328.
(pdftex.def)             Requested size: 266.99684pt x 179.6708pt.

<images/user.png, id=595, 538.01pt x 360.34625pt>
File: images/user.png Graphic file (type png)
 <use images/user.png>
Package pdftex.def Info: images/user.png used on input line 1330.
(pdftex.def)             Requested size: 269.00433pt x 180.17268pt.

[58 <./images/librarian.png> <./images/clerk.png> <./images/user.png>]
Package atveryend Info: Empty hook `BeforeClearDocument' on input line 1356.
 [59]
Package atveryend Info: Empty hook `AfterLastShipout' on input line 1356.

(./sa.aux)
Package atveryend Info: Executing hook `AtVeryEndDocument' on input line 1356.
Package atveryend Info: Executing hook `AtEndAfterFileList' on input line 1356.

Package rerunfilecheck Info: File `sa.out' has not changed.
(rerunfilecheck)             Checksum: F68791D873ED67576CCADCDE1054D450;3721.
Package atveryend Info: Empty hook `AtVeryVeryEnd' on input line 1356.
 ) 
Here is how much of TeX's memory you used:
 8890 strings out of 494985
 126325 string characters out of 6180355
 222762 words of memory out of 5000000
 11816 multiletter control sequences out of 15000+600000
 10042 words of font info for 37 fonts, out of 8000000 for 9000
 36 hyphenation exceptions out of 8191
 29i,6n,35p,607b,537s stack positions out of 5000i,500n,10000p,200000b,80000s
</usr/share/texlive/texmf-dist/fonts/type1/public/amsfonts/cm/cmbx10.pfb></us
r/share/texlive/texmf-dist/fonts/type1/public/amsfonts/cm/cmbx12.pfb></usr/shar
e/texlive/texmf-dist/fonts/type1/public/amsfonts/cm/cmr10.pfb></usr/share/texli
ve/texmf-dist/fonts/type1/public/amsfonts/cm/cmsy10.pfb>
Output written on sa.pdf (59 pages, 851216 bytes).
PDF statistics:
 663 PDF objects out of 1000 (max. 8388607)
 565 compressed objects within 6 object streams
 168 named destinations out of 1000 (max. 500000)
 568 words of extra memory for PDF output out of 10000 (max. 10000000)

