\BOOKMARK [0][-]{part.1}{I System Analysis}{}% 1
\BOOKMARK [1][-]{section.1}{Feasibility Study}{part.1}% 2
\BOOKMARK [2][-]{subsection.1.1}{Understanding the problem}{section.1}% 3
\BOOKMARK [2][-]{subsection.1.2}{Scope of the Problem}{section.1}% 4
\BOOKMARK [2][-]{subsection.1.3}{Analysing stakeholders}{section.1}% 5
\BOOKMARK [2][-]{subsection.1.4}{Defining Alternatives}{section.1}% 6
\BOOKMARK [3][-]{subsubsection.1.4.1}{Connection between software and librarian}{subsection.1.4}% 7
\BOOKMARK [3][-]{subsubsection.1.4.2}{Connection between software and member}{subsection.1.4}% 8
\BOOKMARK [3][-]{subsubsection.1.4.3}{Hardware Infrastructure}{subsection.1.4}% 9
\BOOKMARK [3][-]{subsubsection.1.4.4}{Software Infrastructure}{subsection.1.4}% 10
\BOOKMARK [3][-]{subsubsection.1.4.5}{Technology Used}{subsection.1.4}% 11
\BOOKMARK [3][-]{subsubsection.1.4.6}{Security}{subsection.1.4}% 12
\BOOKMARK [2][-]{subsection.1.5}{Defining Criteria to evaluate}{section.1}% 13
\BOOKMARK [2][-]{subsection.1.6}{Report}{section.1}% 14
\BOOKMARK [1][-]{section.2}{UML Diagrams}{part.1}% 15
\BOOKMARK [2][-]{subsection.2.1}{Refinement of Use Case Diagram}{section.2}% 16
\BOOKMARK [2][-]{subsection.2.2}{Refinement of Class Diagrams}{section.2}% 17
\BOOKMARK [2][-]{subsection.2.3}{Sequence Diagram}{section.2}% 18
\BOOKMARK [2][-]{subsection.2.4}{Collaboration Diagram}{section.2}% 19
\BOOKMARK [2][-]{subsection.2.5}{Statechart Diagram}{section.2}% 20
\BOOKMARK [2][-]{subsection.2.6}{Activity Diagram}{section.2}% 21
\BOOKMARK [2][-]{subsection.2.7}{Data Flow Diagram}{section.2}% 22
\BOOKMARK [1][-]{section.3}{System Parameters}{part.1}% 23
\BOOKMARK [2][-]{subsection.3.1}{Platform}{section.3}% 24
\BOOKMARK [2][-]{subsection.3.2}{Language}{section.3}% 25
\BOOKMARK [2][-]{subsection.3.3}{Build System}{section.3}% 26
\BOOKMARK [2][-]{subsection.3.4}{Libraries}{section.3}% 27
\BOOKMARK [2][-]{subsection.3.5}{Sizing}{section.3}% 28
\BOOKMARK [2][-]{subsection.3.6}{Performance}{section.3}% 29
\BOOKMARK [1][-]{section.4}{Limitations and Exceptions}{part.1}% 30
\BOOKMARK [1][-]{section.5}{Other Information about analysis}{part.1}% 31
\BOOKMARK [0][-]{part.2}{II System Design}{}% 32
\BOOKMARK [1][-]{section.6}{Refined System Parameters}{part.2}% 33
\BOOKMARK [2][-]{subsection.6.1}{Global System Architecture}{section.6}% 34
\BOOKMARK [2][-]{subsection.6.2}{Platform}{section.6}% 35
\BOOKMARK [3][-]{subsubsection.6.2.1}{Hardware}{subsection.6.2}% 36
\BOOKMARK [3][-]{subsubsection.6.2.2}{Software}{subsection.6.2}% 37
\BOOKMARK [3][-]{subsubsection.6.2.3}{Networking}{subsection.6.2}% 38
\BOOKMARK [2][-]{subsection.6.3}{Software Architecture}{section.6}% 39
\BOOKMARK [1][-]{section.7}{Database Design}{part.2}% 40
\BOOKMARK [1][-]{section.8}{Design Details}{part.2}% 41
\BOOKMARK [2][-]{subsection.8.1}{Refinement of UML diagrams}{section.8}% 42
\BOOKMARK [3][-]{subsubsection.8.1.1}{Refinement of Use Case Diagram}{subsection.8.1}% 43
\BOOKMARK [3][-]{subsubsection.8.1.2}{Data Flow Diagram}{subsection.8.1}% 44
\BOOKMARK [3][-]{subsubsection.8.1.3}{Refinement of Class Diagrams}{subsection.8.1}% 45
\BOOKMARK [3][-]{subsubsection.8.1.4}{Sequence Diagram}{subsection.8.1}% 46
\BOOKMARK [3][-]{subsubsection.8.1.5}{Collaboration Diagram}{subsection.8.1}% 47
\BOOKMARK [3][-]{subsubsection.8.1.6}{Statechart Diagram}{subsection.8.1}% 48
\BOOKMARK [3][-]{subsubsection.8.1.7}{Activity Diagram}{subsection.8.1}% 49
\BOOKMARK [2][-]{subsection.8.2}{Prototype Design}{section.8}% 50
\BOOKMARK [2][-]{subsection.8.3}{Design I/O procedures and user interfaces}{section.8}% 51
\BOOKMARK [2][-]{subsection.8.4}{Design of classes in target language}{section.8}% 52
\BOOKMARK [2][-]{subsection.8.5}{Exception Design}{section.8}% 53
\BOOKMARK [1][-]{section.9}{Adoptable Practices}{part.2}% 54
\BOOKMARK [1][-]{section.10}{Any Other Information Of previous Stages}{part.2}% 55
